<?xml version="1.0" encoding="UTF-8"?>
<!-- Generated by org.testng.reporters.JUnitReportReporter -->
<testsuite hostname="LT0133" name="testFiles.SignInTest" tests="1" failures="0" timestamp="30 Nov 2017 11:15:08 GMT" time="2.135" errors="0">
  <testcase name="signIntoAccount" time="2.135" classname="testFiles.SignInTest"/>
</testsuite> <!-- testFiles.SignInTest -->
